#
# There is insufficient memory for the Java Runtime Environment to continue.
# Native memory allocation (mmap) failed to map 65536 bytes for Failed to commit area from 0x000001bfed170000 to 0x000001bfed180000 of length 65536.
# Possible reasons:
#   The system is out of physical RAM or swap space
#   The process is running with CompressedOops enabled, and the Java Heap may be blocking the growth of the native heap
# Possible solutions:
#   Reduce memory load on the system
#   Increase physical memory or swap space
#   Check if swap backing store is full
#   Decrease Java heap size (-Xmx/-Xms)
#   Decrease number of Java threads
#   Decrease Java thread stack sizes (-Xss)
#   Set larger code cache with -XX:ReservedCodeCacheSize=
# This output file may be truncated or incomplete.
#
#  Out of Memory Error (./src/hotspot/os/windows/os_windows.cpp:3303), pid=4672, tid=13100
#
# JRE version:  (11.0.9.1+11) (build )
# Java VM: OpenJDK 64-Bit Server VM (11.0.9.1+11-b1145.24, mixed mode, sharing, tiered, compressed oops, g1 gc, windows-amd64)
# No core dump will be written. Minidumps are not enabled by default on client versions of Windows
#

---------------  S U M M A R Y ------------

Command Line: org.jetbrains.git4idea.nativessh.GitNativeSshAskPassApp Enter passphrase for key '/c/Users/Professional/.ssh/id_ed25519': 

Host: Intel(R) Core(TM) i5-10600K CPU @ 4.10GHz, 12 cores, 15G,  Windows 10 , 64 bit Build 19041 (10.0.19041.1348)
Time: Fri Nov 26 17:02:52 2021 RTZ 2 (зима) elapsed time: 0.025410 seconds (0d 0h 0m 0s)

---------------  T H R E A D  ---------------

Current thread (0x000001bfd46de800):  JavaThread "Unknown thread" [_thread_in_vm, id=13100, stack(0x0000008f75100000,0x0000008f75200000)]

Stack: [0x0000008f75100000,0x0000008f75200000]
Native frames: (J=compiled Java code, j=interpreted, Vv=VM code, C=native code)
V  [jvm.dll+0x5ed3ca]
V  [jvm.dll+0x722725]
V  [jvm.dll+0x723c7d]
V  [jvm.dll+0x724333]
V  [jvm.dll+0x242bd8]
V  [jvm.dll+0x5ea884]
V  [jvm.dll+0x5df995]
V  [jvm.dll+0x2fe13b]
V  [jvm.dll+0x2fe0aa]
V  [jvm.dll+0x2fdf82]
V  [jvm.dll+0x302f65]
V  [jvm.dll+0x34b5a7]
V  [jvm.dll+0x34bc86]
V  [jvm.dll+0x34b683]
V  [jvm.dll+0x2d8df8]
V  [jvm.dll+0x2d9f97]
V  [jvm.dll+0x701517]
V  [jvm.dll+0x702d0c]
V  [jvm.dll+0x358b39]
V  [jvm.dll+0x6e4f9e]
V  [jvm.dll+0x3c0db3]
V  [jvm.dll+0x3c2f61]
C  [jli.dll+0x5373]
C  [ucrtbase.dll+0x21bb2]
C  [KERNEL32.DLL+0x17034]
C  [ntdll.dll+0x52651]


---------------  P R O C E S S  ---------------

Threads class SMR info:
_java_thread_list=0x000001bfd24f3c10, length=0, elements={
}

Java Threads: ( => current thread )

Other Threads:
  0x000001bfd46f6000 GCTaskThread "GC Thread#0" [stack: 0x0000008f75200000,0x0000008f75300000] [id=11928]
  0x000001bfd4755000 ConcurrentGCThread "G1 Main Marker" [stack: 0x0000008f75300000,0x0000008f75400000] [id=4184]
  0x000001bfd4757800 ConcurrentGCThread "G1 Conc#0" [stack: 0x0000008f75400000,0x0000008f75500000] [id=17124]

[error occurred during error reporting (printing all threads), id 0xc0000005, EXCEPTION_ACCESS_VIOLATION (0xc0000005) at pc=0x00007ffd652c9397]

VM state:not at safepoint (not fully initialized)

VM Mutex/Monitor currently owned by a thread:  ([mutex/lock_event])
[0x000001bfd46dbae0] Heap_lock - owner thread: 0x000001bfd46de800

Heap address: 0x0000000701a00000, size: 4070 MB, Compressed Oops mode: Non-zero based: 0x0000000701a00000
Narrow klass base: 0x0000000000000000, Narrow klass shift: 0

GC Heap History (0 events):
No events

Deoptimization events (0 events):
No events

Classes redefined (0 events):
No events

Internal exceptions (0 events):
No events

Events (1 events):
Event: 0.005 Loaded shared library E:\JetBrains\Rider for Unreal Engine 2020.3.4\jbr\bin\zip.dll


Dynamic libraries:
0x00007ff7dc470000 - 0x00007ff7dc47a000 	E:\JetBrains\Rider for Unreal Engine 2020.3.4\jbr\bin\java.exe
0x00007ffdb2ad0000 - 0x00007ffdb2cc5000 	C:\Windows\SYSTEM32\ntdll.dll
0x00007ffdb2140000 - 0x00007ffdb21fe000 	C:\Windows\System32\KERNEL32.DLL
0x00007ffdb0720000 - 0x00007ffdb09e8000 	C:\Windows\System32\KERNELBASE.dll
0x00007ffdb05f0000 - 0x00007ffdb06f0000 	C:\Windows\System32\ucrtbase.dll
0x00007ffda4910000 - 0x00007ffda4929000 	E:\JetBrains\Rider for Unreal Engine 2020.3.4\jbr\bin\jli.dll
0x00007ffdb1f90000 - 0x00007ffdb2131000 	C:\Windows\System32\USER32.dll
0x00007ffda2570000 - 0x00007ffda2587000 	E:\JetBrains\Rider for Unreal Engine 2020.3.4\jbr\bin\VCRUNTIME140.dll
0x00007ffdb09f0000 - 0x00007ffdb0a12000 	C:\Windows\System32\win32u.dll
0x00007ffdb0ca0000 - 0x00007ffdb0ccb000 	C:\Windows\System32\GDI32.dll
0x00007ffd99790000 - 0x00007ffd99a2a000 	C:\Windows\WinSxS\amd64_microsoft.windows.common-controls_6595b64144ccf1df_6.0.19041.1110_none_60b5254171f9507e\COMCTL32.dll
0x00007ffdb01f0000 - 0x00007ffdb02fb000 	C:\Windows\System32\gdi32full.dll
0x00007ffdb1540000 - 0x00007ffdb15de000 	C:\Windows\System32\msvcrt.dll
0x00007ffdb0a80000 - 0x00007ffdb0b1d000 	C:\Windows\System32\msvcp_win.dll
0x00007ffdb0b20000 - 0x00007ffdb0b50000 	C:\Windows\System32\IMM32.DLL
0x00007ffd805f0000 - 0x00007ffd8068d000 	E:\JetBrains\Rider for Unreal Engine 2020.3.4\jbr\bin\msvcp140.dll
0x00007ffd64fe0000 - 0x00007ffd65aae000 	E:\JetBrains\Rider for Unreal Engine 2020.3.4\jbr\bin\server\jvm.dll
0x00007ffdb1030000 - 0x00007ffdb10dc000 	C:\Windows\System32\ADVAPI32.dll
0x00007ffdb0b50000 - 0x00007ffdb0beb000 	C:\Windows\System32\sechost.dll
0x00007ffdb11f0000 - 0x00007ffdb131a000 	C:\Windows\System32\RPCRT4.dll
0x00007ffdb1320000 - 0x00007ffdb1328000 	C:\Windows\System32\PSAPI.DLL
0x00007ffd8a510000 - 0x00007ffd8a519000 	C:\Windows\SYSTEM32\WSOCK32.dll
0x00007ffdb18f0000 - 0x00007ffdb195b000 	C:\Windows\System32\WS2_32.dll
0x00007ffdaa2a0000 - 0x00007ffdaa2aa000 	C:\Windows\SYSTEM32\VERSION.dll
0x00007ffda44f0000 - 0x00007ffda4517000 	C:\Windows\SYSTEM32\WINMM.dll
0x00007ffdae110000 - 0x00007ffdae122000 	C:\Windows\SYSTEM32\kernel.appcore.dll
0x00007ffda48a0000 - 0x00007ffda48b1000 	E:\JetBrains\Rider for Unreal Engine 2020.3.4\jbr\bin\verify.dll
0x00007ffda7b60000 - 0x00007ffda7d44000 	C:\Windows\SYSTEM32\DBGHELP.DLL
0x00007ffd93950000 - 0x00007ffd9397c000 	C:\Windows\SYSTEM32\dbgcore.DLL
0x00007ffdb0560000 - 0x00007ffdb05e3000 	C:\Windows\System32\bcryptPrimitives.dll
0x00007ffd79bc0000 - 0x00007ffd79be9000 	E:\JetBrains\Rider for Unreal Engine 2020.3.4\jbr\bin\java.dll
0x00007ffda4890000 - 0x00007ffda489b000 	E:\JetBrains\Rider for Unreal Engine 2020.3.4\jbr\bin\jimage.dll
0x00007ffd805b0000 - 0x00007ffd805c8000 	E:\JetBrains\Rider for Unreal Engine 2020.3.4\jbr\bin\zip.dll

dbghelp: loaded successfully - version: 4.0.5 - missing functions: none
symbol engine: initialized successfully - sym options: 0x614 - pdb path: .;E:\JetBrains\Rider for Unreal Engine 2020.3.4\jbr\bin;C:\Windows\SYSTEM32;C:\Windows\WinSxS\amd64_microsoft.windows.common-controls_6595b64144ccf1df_6.0.19041.1110_none_60b5254171f9507e;E:\JetBrains\Rider for Unreal Engine 2020.3.4\jbr\bin\server

VM Arguments:
java_command: org.jetbrains.git4idea.nativessh.GitNativeSshAskPassApp Enter passphrase for key '/c/Users/Professional/.ssh/id_ed25519': 
java_class_path (initial): E:/JetBrains/Rider for Unreal Engine 2020.3.4/plugins/git4idea/lib/git4idea-rt.jar;E:/JetBrains/Rider for Unreal Engine 2020.3.4/lib/xmlrpc-2.0.1.jar;E:/JetBrains/Rider for Unreal Engine 2020.3.4/lib/commons-codec-1.14.jar
Launcher Type: SUN_STANDARD

[Global flags]
     intx CICompilerCount                          = 4                                         {product} {ergonomic}
     uint ConcGCThreads                            = 3                                         {product} {ergonomic}
     uint G1ConcRefinementThreads                  = 10                                        {product} {ergonomic}
   size_t G1HeapRegionSize                         = 1048576                                   {product} {ergonomic}
    uintx GCDrainStackTargetSize                   = 64                                        {product} {ergonomic}
   size_t InitialHeapSize                          = 268435456                                 {product} {ergonomic}
   size_t MarkStackSize                            = 4194304                                   {product} {ergonomic}
   size_t MaxHeapSize                              = 4267704320                                {product} {ergonomic}
   size_t MinHeapDeltaBytes                        = 1048576                                   {product} {ergonomic}
    uintx NonNMethodCodeHeapSize                   = 5836300                                {pd product} {ergonomic}
    uintx NonProfiledCodeHeapSize                  = 122910970                              {pd product} {ergonomic}
    uintx ProfiledCodeHeapSize                     = 122910970                              {pd product} {ergonomic}
    uintx ReservedCodeCacheSize                    = 251658240                              {pd product} {ergonomic}
     bool SegmentedCodeCache                       = true                                      {product} {ergonomic}
     bool UseCompressedClassPointers               = true                                 {lp64_product} {ergonomic}
     bool UseCompressedOops                        = true                                 {lp64_product} {ergonomic}
     bool UseG1GC                                  = true                                      {product} {ergonomic}
     bool UseLargePagesIndividualAllocation        = false                                  {pd product} {ergonomic}

Logging:
Log output configuration:
 #0: stdout all=warning uptime,level,tags
 #1: stderr all=off uptime,level,tags

Environment Variables:
PATH=C:\Program Files\Git\mingw64\libexec\git-core;C:\Program Files\Git\mingw64\bin;C:\Program Files\Git\usr\bin;C:\Users\Professional\bin;C:\Program Files (x86)\Common Files\Oracle\Java\javapath;C:\Windows\system32;C:\Windows;C:\Windows\System32\Wbem;C:\Windows\System32\WindowsPowerShell\v1.0;C:\Windows\System32\OpenSSH;C:\Program Files\Microsoft SQL Server\Client SDK\ODBC\110\Tools\Binn;C:\Program Files (x86)\Microsoft SQL Server\120\Tools\Binn;C:\Program Files\Microsoft SQL Server\120\Tools\Binn;C:\Program Files\Microsoft SQL Server\120\DTS\Binn;C:\Program Files (x86)\Windows Kits\8.1\Windows Performance Toolkit;C:\Program Files\Common Files\Autodesk Shared;C:\Program Files\Git\cmd;C:\Users\Professional\AppData\Local\Programs\Python\Python39\Scripts;C:\Users\Professional\AppData\Local\Programs\Python\Python39;C:\Users\Professional\AppData\Local\Microsoft\WindowsApps;E:\JetBrains\Rider for Unreal Engine 2020.3.4\bin;E:\JetBrains\PyCharm 2020.3.2\bin;E:\Quartus\20.1\modelsim_ase\win32aloem;E:\Quartus\iverilog\bin;E:\Quartus\iverilog\gtkwave\bin
USERNAME=Professional
DISPLAY=:0.0
LC_ALL=en_US.UTF-8
OS=Windows_NT
PROCESSOR_IDENTIFIER=Intel64 Family 6 Model 165 Stepping 5, GenuineIntel



---------------  S Y S T E M  ---------------

OS: Windows 10 , 64 bit Build 19041 (10.0.19041.1348)
OS uptime: 1 days 3:54 hours

CPU:total 12 (initial active 12) (6 cores per cpu, 2 threads per core) family 6 model 165 stepping 5, cmov, cx8, fxsr, mmx, sse, sse2, sse3, ssse3, sse4.1, sse4.2, popcnt, avx, avx2, aes, clmul, erms, 3dnowpref, lzcnt, ht, tsc, tscinvbit, bmi1, bmi2, adx, fma

Memory: 4k page, system-wide physical 16275M (580M free)
TotalPageFile size 25804M (AvailPageFile size 3M)
current process WorkingSet (physical memory assigned to process): 14M, peak: 14M
current process commit charge ("private bytes"): 326M, peak: 326M

vm_info: OpenJDK 64-Bit Server VM (11.0.9.1+11-b1145.24) for windows-amd64 JRE (11.0.9.1+11-b1145.24), built on Dec  4 2020 14:31:18 by "" with MS VC++ 14.0 (VS2015)

END.
